[2024-12-02 14:33:13:1131][main] INFO  z.weather_app.WeatherAppApplication - Starting WeatherAppApplication using Java 17.0.13 with PID 18828 (C:\Users\RE\aajava\weather-app\build\classes\java\main started by RE in C:\Users\RE\aajava\weather-app)
[2024-12-02 14:33:13:1134][main] INFO  z.weather_app.WeatherAppApplication - No active profile set, falling back to 1 default profile: "default"
[2024-12-02 14:33:14:2459][main] INFO  o.s.d.r.c.RepositoryConfigurationDelegate - Bootstrapping Spring Data JPA repositories in DEFAULT mode.
[2024-12-02 14:33:14:2563][main] INFO  o.s.d.r.c.RepositoryConfigurationDelegate - Finished Spring Data repository scanning in 89 ms. Found 3 JPA repository interfaces.
[2024-12-02 14:33:15:3414][main] INFO  o.s.b.w.e.tomcat.TomcatWebServer - Tomcat initialized with port 8080 (http)
[2024-12-02 14:33:15:3428][main] INFO  o.a.coyote.http11.Http11NioProtocol - Initializing ProtocolHandler ["http-nio-8080"]
[2024-12-02 14:33:15:3433][main] INFO  o.a.catalina.core.StandardService - Starting service [Tomcat]
[2024-12-02 14:33:15:3433][main] INFO  o.a.catalina.core.StandardEngine - Starting Servlet engine: [Apache Tomcat/10.1.28]
[2024-12-02 14:33:15:3540][main] INFO  o.a.c.c.C.[Tomcat].[localhost].[/] - Initializing Spring embedded WebApplicationContext
[2024-12-02 14:33:15:3542][main] INFO  o.s.b.w.s.c.ServletWebServerApplicationContext - Root WebApplicationContext: initialization completed in 2322 ms
[2024-12-02 14:33:15:3737][main] INFO  com.zaxxer.hikari.HikariDataSource - HikariPool-1 - Starting...
[2024-12-02 14:33:16:4141][main] INFO  com.zaxxer.hikari.pool.HikariPool - HikariPool-1 - Added connection com.mysql.cj.jdbc.ConnectionImpl@2f04993d
[2024-12-02 14:33:16:4144][main] INFO  com.zaxxer.hikari.HikariDataSource - HikariPool-1 - Start completed.
[2024-12-02 14:33:16:4208][main] INFO  o.h.jpa.internal.util.LogHelper - HHH000204: Processing PersistenceUnitInfo [name: default]
[2024-12-02 14:33:16:4328][main] INFO  org.hibernate.Version - HHH000412: Hibernate ORM core version 6.5.2.Final
[2024-12-02 14:33:16:4407][main] INFO  o.h.c.i.RegionFactoryInitiator - HHH000026: Second-level cache disabled
[2024-12-02 14:33:16:5016][main] INFO  o.s.o.j.p.SpringPersistenceUnitInfo - No LoadTimeWeaver setup: ignoring JPA class transformer
[2024-12-02 14:33:17:5118][main] WARN  org.hibernate.orm.deprecation - HHH90000025: MySQLDialect does not need to be specified explicitly using 'hibernate.dialect' (remove the property setting and it will be selected by default)
[2024-12-02 14:33:18:6683][main] INFO  o.h.e.t.j.p.i.JtaPlatformInitiator - HHH000489: No JTA platform available (set 'hibernate.transaction.jta.platform' to enable JTA platform integration)
[2024-12-02 14:33:18:6688][main] INFO  o.s.o.j.LocalContainerEntityManagerFactoryBean - Initialized JPA EntityManagerFactory for persistence unit 'default'
[2024-12-02 14:33:19:7768][main] WARN  o.s.b.a.o.j.JpaBaseConfiguration$JpaWebConfiguration - spring.jpa.open-in-view is enabled by default. Therefore, database queries may be performed during view rendering. Explicitly configure spring.jpa.open-in-view to disable this warning
[2024-12-02 14:33:20:8852][main] INFO  o.a.coyote.http11.Http11NioProtocol - Starting ProtocolHandler ["http-nio-8080"]
[2024-12-02 14:33:20:8880][main] INFO  o.s.b.w.e.tomcat.TomcatWebServer - Tomcat started on port 8080 (http) with context path '/'
[2024-12-02 14:33:20:8897][main] INFO  z.weather_app.WeatherAppApplication - Started WeatherAppApplication in 8.63 seconds (process running for 9.176)
[2024-12-02 14:33:30:18156][http-nio-8080-exec-1] INFO  o.a.c.c.C.[Tomcat].[localhost].[/] - Initializing Spring DispatcherServlet 'dispatcherServlet'
[2024-12-02 14:33:30:18157][http-nio-8080-exec-1] INFO  o.s.web.servlet.DispatcherServlet - Initializing Servlet 'dispatcherServlet'
[2024-12-02 14:33:30:18158][http-nio-8080-exec-1] INFO  o.s.web.servlet.DispatcherServlet - Completed initialization in 1 ms
[2024-12-02 14:33:30:18257][http-nio-8080-exec-1] INFO  z.weather_app.WeatherAppApplication - started to create diary
[2024-12-02 14:33:30:19011][http-nio-8080-exec-1] INFO  z.weather_app.WeatherAppApplication - end to create diary
